<?xml version="1.0" encoding="UTF-8"?>
<!-- Generated by org.testng.reporters.JUnitXMLReporter -->
<testsuite hostname="TYSS-Vijayalaxmi" ignored="2" name="Test" tests="1" failures="0" timestamp="2023-08-18T17:06:13 IST" time="0.041" errors="0">
  <testcase name="createTest" time="0.007" classname="Sample_Maven.Create"/>
  <testcase name="ModifyTest" time="0.0" classname="Sample_Maven.Create">
    <ignored/>
  </testcase> <!-- ModifyTest -->
  <testcase name="deleteTest" time="0.0" classname="Sample_Maven.deleteData">
    <ignored/>
  </testcase> <!-- deleteTest -->
</testsuite> <!-- Test -->
